0 info it worked if it ends with ok
1 verbose cli [ 'C:\\Program Files\\nodejs\\node.exe',
1 verbose cli   'C:\\Program Files\\nodejs\\node_modules\\npm\\bin\\npm-cli.js',
1 verbose cli   'run',
1 verbose cli   'build' ]
2 info using npm@3.10.10
3 info using node@v6.11.4
4 verbose run-script [ 'prebuild', 'build', 'postbuild' ]
5 info lifecycle websocket-server@1.0.0~prebuild: websocket-server@1.0.0
6 silly lifecycle websocket-server@1.0.0~prebuild: no script for prebuild, continuing
7 info lifecycle websocket-server@1.0.0~build: websocket-server@1.0.0
8 verbose lifecycle websocket-server@1.0.0~build: unsafe-perm in lifecycle true
9 verbose lifecycle websocket-server@1.0.0~build: PATH: C:\Program Files\nodejs\node_modules\npm\bin\node-gyp-bin;C:\Users\15\Desktop\Programs\JavaScript\fastenTest\fasten-javascript-test\node_modules\.bin;C:\ProgramData\Oracle\Java\javapath;C:\Program Files (x86)\NVIDIA Corporation\PhysX\Common;C:\Windows\system32;C:\Windows;C:\Windows\System32\Wbem;C:\Windows\System32\WindowsPowerShell\v1.0\;C:\Program Files (x86)\ATI Technologies\ATI.ACE\Core-Static;C:\Program Files\Acer\Remote Files\;C:\Program Files\Microsoft SQL Server\110\Tools\Binn\;C:\Program Files (x86)\Common Files\Acronis\SnapAPI\;C:\Users\15\.dnx\bin;C:\Program Files\Microsoft DNX\Dnvm\;C:\Program Files (x86)\Windows Kits\8.1\Windows Performance Toolkit\;C:\Program Files\Microsoft SQL Server\120\Tools\Binn\;C:\Program Files\nodejs\;C:\Program Files\Common Files\Autodesk Shared\;C:\Program Files\Git\cmd;C:\Program Files\MySQL\MySQL Server 5.5\bin;C:\Users\15\AppData\Roaming\npm;C:\Program Files\watchman
10 verbose lifecycle websocket-server@1.0.0~build: CWD: C:\Users\15\Desktop\Programs\JavaScript\fastenTest\fasten-javascript-test
11 silly lifecycle websocket-server@1.0.0~build: Args: [ '/d /s /c',
11 silly lifecycle   'browserify -d app/scripts/src/main.js -o app/scripts/dist/main.js' ]
12 silly lifecycle websocket-server@1.0.0~build: Returned: code: 3221225786  signal: null
13 info lifecycle websocket-server@1.0.0~build: Failed to exec build script
14 verbose stack Error: websocket-server@1.0.0 build: `browserify -d app/scripts/src/main.js -o app/scripts/dist/main.js`
14 verbose stack Exit status 3221225786
14 verbose stack     at EventEmitter.<anonymous> (C:\Program Files\nodejs\node_modules\npm\lib\utils\lifecycle.js:255:16)
14 verbose stack     at emitTwo (events.js:106:13)
14 verbose stack     at EventEmitter.emit (events.js:191:7)
14 verbose stack     at ChildProcess.<anonymous> (C:\Program Files\nodejs\node_modules\npm\lib\utils\spawn.js:40:14)
14 verbose stack     at emitTwo (events.js:106:13)
14 verbose stack     at ChildProcess.emit (events.js:191:7)
14 verbose stack     at maybeClose (internal/child_process.js:920:16)
14 verbose stack     at Process.ChildProcess._handle.onexit (internal/child_process.js:230:5)
15 verbose pkgid websocket-server@1.0.0
16 verbose cwd C:\Users\15\Desktop\Programs\JavaScript\fastenTest\fasten-javascript-test\app
17 error Windows_NT 6.3.9600
18 error argv "C:\\Program Files\\nodejs\\node.exe" "C:\\Program Files\\nodejs\\node_modules\\npm\\bin\\npm-cli.js" "run" "build"
19 error node v6.11.4
20 error npm  v3.10.10
21 error code ELIFECYCLE
22 error websocket-server@1.0.0 build: `browserify -d app/scripts/src/main.js -o app/scripts/dist/main.js`
22 error Exit status 3221225786
23 error Failed at the websocket-server@1.0.0 build script 'browserify -d app/scripts/src/main.js -o app/scripts/dist/main.js'.
23 error Make sure you have the latest version of node.js and npm installed.
23 error If you do, this is most likely a problem with the websocket-server package,
23 error not with npm itself.
23 error Tell the author that this fails on your system:
23 error     browserify -d app/scripts/src/main.js -o app/scripts/dist/main.js
23 error You can get information on how to open an issue for this project with:
23 error     npm bugs websocket-server
23 error Or if that isn't available, you can get their info via:
23 error     npm owner ls websocket-server
23 error There is likely additional logging output above.
24 verbose exit [ 1, true ]
